# JRE version: OpenJDK Runtime Environment OpenLogic-OpenJDK (17.0.13+11) (build 17.0.13+11-adhoc..jdk17u)
# Java VM: OpenJDK 64-Bit Server VM OpenLogic-OpenJDK (17.0.13+11-adhoc..jdk17u, mixed mode, sharing, tiered, compressed oops, compressed class ptrs, g1 gc, windows-amd64)
GC Precious Log:
 CPUs: 6 total, 6 available
 Memory: 15742M
 Large Page Support: Disabled
 NUMA Support: Disabled
 Compressed Oops: Enabled (32-bit)
 Heap Region Size: 1M
 Heap Min Capacity: 8M
 Heap Initial Capacity: 246M
 Heap Max Capacity: 2G
 Pre-touch: Disabled
 Parallel Workers: 6
 Concurrent Workers: 2
 Concurrent Refinement Workers: 6
 Periodic GC: Disabled
Heap:
 garbage-first heap   total 106496K, used 75556K [0x0000000080000000, 0x0000000100000000)
  region size 1024K, 16 young (16384K), 3 survivors (3072K)
 Metaspace       used 63373K, committed 64064K, reserved 491520K
  class space    used 8957K, committed 9280K, reserved 425984K
GC Heap History (20 events):
Event: 138.082 GC heap before
{Heap before GC invocations=13 (full 0):
 garbage-first heap   total 92160K, used 72957K [0x0000000080000000, 0x0000000100000000)
  region size 1024K, 40 young (40960K), 5 survivors (5120K)
 Metaspace       used 52396K, committed 52928K, reserved 491520K
  class space    used 7385K, committed 7616K, reserved 425984K
}
Event: 138.094 GC heap after
{Heap after GC invocations=14 (full 0):
 garbage-first heap   total 92160K, used 39060K [0x0000000080000000, 0x0000000100000000)
  region size 1024K, 4 young (4096K), 4 survivors (4096K)
 Metaspace       used 52396K, committed 52928K, reserved 491520K
  class space    used 7385K, committed 7616K, reserved 425984K
}
Event: 141.889 GC heap before
{Heap before GC invocations=14 (full 0):
 garbage-first heap   total 92160K, used 72852K [0x0000000080000000, 0x0000000100000000)
  region size 1024K, 38 young (38912K), 4 survivors (4096K)
 Metaspace       used 53343K, committed 53888K, reserved 491520K
  class space    used 7490K, committed 7744K, reserved 425984K
}
Event: 141.897 GC heap after
{Heap after GC invocations=15 (full 0):
 garbage-first heap   total 92160K, used 42636K [0x0000000080000000, 0x0000000100000000)
  region size 1024K, 5 young (5120K), 5 survivors (5120K)
 Metaspace       used 53343K, committed 53888K, reserved 491520K
  class space    used 7490K, committed 7744K, reserved 425984K
}
Event: 147.240 GC heap before
{Heap before GC invocations=15 (full 0):
 garbage-first heap   total 92160K, used 72332K [0x0000000080000000, 0x0000000100000000)
  region size 1024K, 33 young (33792K), 5 survivors (5120K)
 Metaspace       used 55730K, committed 56320K, reserved 491520K
  class space    used 7897K, committed 8192K, reserved 425984K
}
Event: 147.248 GC heap after
{Heap after GC invocations=16 (full 0):
 garbage-first heap   total 92160K, used 44801K [0x0000000080000000, 0x0000000100000000)
  region size 1024K, 2 young (2048K), 2 survivors (2048K)
 Metaspace       used 55730K, committed 56320K, reserved 491520K
  class space    used 7897K, committed 8192K, reserved 425984K
}
Event: 151.059 GC heap before
{Heap before GC invocations=17 (full 0):
 garbage-first heap   total 92160K, used 66305K [0x0000000080000000, 0x0000000100000000)
  region size 1024K, 23 young (23552K), 2 survivors (2048K)
 Metaspace       used 57798K, committed 58496K, reserved 491520K
  class space    used 8214K, committed 8576K, reserved 425984K
}
Event: 151.067 GC heap after
{Heap after GC invocations=18 (full 0):
 garbage-first heap   total 92160K, used 47655K [0x0000000080000000, 0x0000000100000000)
  region size 1024K, 3 young (3072K), 3 survivors (3072K)
 Metaspace       used 57798K, committed 58496K, reserved 491520K
  class space    used 8214K, committed 8576K, reserved 425984K
}
Event: 151.201 GC heap before
{Heap before GC invocations=19 (full 0):
 garbage-first heap   total 92160K, used 51751K [0x0000000080000000, 0x0000000100000000)
  region size 1024K, 4 young (4096K), 3 survivors (3072K)
 Metaspace       used 57798K, committed 58496K, reserved 491520K
  class space    used 8214K, committed 8576K, reserved 425984K
}
Event: 151.205 GC heap after
{Heap after GC invocations=20 (full 0):
 garbage-first heap   total 92160K, used 52227K [0x0000000080000000, 0x0000000100000000)
  region size 1024K, 2 young (2048K), 2 survivors (2048K)
 Metaspace       used 57798K, committed 58496K, reserved 491520K
  class space    used 8214K, committed 8576K, reserved 425984K
}
Event: 154.108 GC heap before
{Heap before GC invocations=21 (full 0):
 garbage-first heap   total 96256K, used 73731K [0x0000000080000000, 0x0000000100000000)
  region size 1024K, 19 young (19456K), 2 survivors (2048K)
 Metaspace       used 59080K, committed 59776K, reserved 491520K
  class space    used 8372K, committed 8704K, reserved 425984K
}
Event: 154.112 GC heap after
{Heap after GC invocations=22 (full 0):
 garbage-first heap   total 96256K, used 57811K [0x0000000080000000, 0x0000000100000000)
  region size 1024K, 2 young (2048K), 2 survivors (2048K)
 Metaspace       used 59080K, committed 59776K, reserved 491520K
  class space    used 8372K, committed 8704K, reserved 425984K
}
Event: 155.964 GC heap before
{Heap before GC invocations=22 (full 0):
 garbage-first heap   total 96256K, used 74195K [0x0000000080000000, 0x0000000100000000)
  region size 1024K, 18 young (18432K), 2 survivors (2048K)
 Metaspace       used 60353K, committed 60992K, reserved 491520K
  class space    used 8538K, committed 8896K, reserved 425984K
}
Event: 155.968 GC heap after
{Heap after GC invocations=23 (full 0):
 garbage-first heap   total 96256K, used 58841K [0x0000000080000000, 0x0000000100000000)
  region size 1024K, 3 young (3072K), 3 survivors (3072K)
 Metaspace       used 60353K, committed 60992K, reserved 491520K
  class space    used 8538K, committed 8896K, reserved 425984K
}
Event: 158.746 GC heap before
{Heap before GC invocations=24 (full 0):
 garbage-first heap   total 102400K, used 74201K [0x0000000080000000, 0x0000000100000000)
  region size 1024K, 19 young (19456K), 3 survivors (3072K)
 Metaspace       used 61265K, committed 61952K, reserved 491520K
  class space    used 8670K, committed 9024K, reserved 425984K
}
Event: 158.751 GC heap after
{Heap after GC invocations=25 (full 0):
 garbage-first heap   total 102400K, used 59440K [0x0000000080000000, 0x0000000100000000)
  region size 1024K, 2 young (2048K), 2 survivors (2048K)
 Metaspace       used 61265K, committed 61952K, reserved 491520K
  class space    used 8670K, committed 9024K, reserved 425984K
}
Event: 164.095 GC heap before
{Heap before GC invocations=25 (full 0):
 garbage-first heap   total 102400K, used 79920K [0x0000000080000000, 0x0000000100000000)
  region size 1024K, 23 young (23552K), 2 survivors (2048K)
 Metaspace       used 62407K, committed 63040K, reserved 491520K
  class space    used 8821K, committed 9152K, reserved 425984K
}
Event: 164.104 GC heap after
{Heap after GC invocations=26 (full 0):
 garbage-first heap   total 102400K, used 60034K [0x0000000080000000, 0x0000000100000000)
  region size 1024K, 2 young (2048K), 2 survivors (2048K)
 Metaspace       used 62407K, committed 63040K, reserved 491520K
  class space    used 8821K, committed 9152K, reserved 425984K
}
Event: 172.370 GC heap before
{Heap before GC invocations=27 (full 0):
 garbage-first heap   total 106496K, used 81538K [0x0000000080000000, 0x0000000100000000)
  region size 1024K, 23 young (23552K), 2 survivors (2048K)
 Metaspace       used 62894K, committed 63552K, reserved 491520K
  class space    used 8889K, committed 9216K, reserved 425984K
}
Event: 172.376 GC heap after
{Heap after GC invocations=28 (full 0):
 garbage-first heap   total 106496K, used 63268K [0x0000000080000000, 0x0000000100000000)
  region size 1024K, 3 young (3072K), 3 survivors (3072K)
 Metaspace       used 62894K, committed 63552K, reserved 491520K
  class space    used 8889K, committed 9216K, reserved 425984K
}

